<?xml version="1.0" encoding="UTF-8"?>
<!-- Generated by org.testng.reporters.JUnitReportReporter -->
<testsuite skipped="0" hostname="Vichu-PC" name="com.customer.filterscreens.CustomerFilterScreen" tests="3" failures="0" timestamp="23 Jun 2018 11:10:42 GMT" time="13.515" errors="0">
  <testcase name="gotoNewCustomerScreen" time="2.300" classname="com.customer.filterscreens.CustomerFilterScreen"/>
  <testcase name="filterTest" time="4.400" classname="com.customer.filterscreens.CustomerFilterScreen"/>
  <testcase name="filterResultTest" time="6.815" classname="com.customer.filterscreens.CustomerFilterScreen"/>
</testsuite> <!-- com.customer.filterscreens.CustomerFilterScreen -->
