<?xml version="1.0" encoding="UTF-8"?>
<!-- Generated by org.testng.reporters.JUnitReportReporter -->
<testsuite skipped="0" hostname="Vichu-PC" name="com.customer.newscreens.NewCustomerScreens" tests="4" failures="0" timestamp="23 Jun 2018 11:10:42 GMT" time="6.794" errors="0">
  <testcase name="gotoNewCustomerScreen" time="3.501" classname="com.customer.newscreens.NewCustomerScreens"/>
  <testcase name="newUserReg" time="2.769" classname="com.customer.newscreens.NewCustomerScreens"/>
  <testcase name="verifyReg" time="0.188" classname="com.customer.newscreens.NewCustomerScreens"/>
  <testcase name="verifyCustomer" time="0.336" classname="com.customer.newscreens.NewCustomerScreens"/>
</testsuite> <!-- com.customer.newscreens.NewCustomerScreens -->
